c:\users\cnnimkar\desktop\image_loading_example\graphics_starting_code\glslexperiment\release\vc141.pdb
c:\users\cnnimkar\desktop\image_loading_example\graphics_starting_code\glslexperiment\release\bmpread.obj
c:\users\cnnimkar\desktop\image_loading_example\graphics_starting_code\glslexperiment\release\textfile.obj
c:\users\cnnimkar\desktop\image_loading_example\graphics_starting_code\glslexperiment\release\initshader.obj
c:\users\cnnimkar\desktop\image_loading_example\graphics_starting_code\glslexperiment\release\example1.obj
c:\users\cnnimkar\documents\project5\image_loading_example\graphics_starting_code\glslexperiment\release\vc141.pdb
c:\users\cnnimkar\documents\project5\image_loading_example\graphics_starting_code\glslexperiment\release\bmpread.obj
c:\users\cnnimkar\documents\project5\image_loading_example\graphics_starting_code\glslexperiment\release\textfile.obj
c:\users\cnnimkar\documents\project5\image_loading_example\graphics_starting_code\glslexperiment\release\initshader.obj
c:\users\cnnimkar\documents\project5\image_loading_example\graphics_starting_code\glslexperiment\release\example1.obj
c:\users\cnnimkar\desktop\image_loading_example\graphics_starting_code\release\glslexperiment.ipdb
c:\users\cnnimkar\desktop\image_loading_example\graphics_starting_code\release\glslexperiment.iobj
c:\users\cnnimkar\documents\project5\image_loading_example\graphics_starting_code\release\glslexperiment.ipdb
c:\users\cnnimkar\documents\project5\image_loading_example\graphics_starting_code\release\glslexperiment.iobj
c:\users\cnnimkar\desktop\image_loading_example\graphics_starting_code\release\glslexperiment.exe
c:\users\cnnimkar\desktop\image_loading_example\graphics_starting_code\release\glslexperiment.pdb
c:\users\cnnimkar\documents\project5\image_loading_example\graphics_starting_code\release\glslexperiment.exe
c:\users\cnnimkar\documents\project5\image_loading_example\graphics_starting_code\release\glslexperiment.pdb
c:\users\cnnimkar\documents\project5\image_loading_example\graphics_starting_code\glslexperiment\release\vc140.pdb
c:\users\cnnimkar\documents\project5\image_loading_example\graphics_starting_code\glslexperiment\release\glslexperiment.tlog\cl.command.1.tlog
c:\users\cnnimkar\documents\project5\image_loading_example\graphics_starting_code\glslexperiment\release\glslexperiment.tlog\cl.read.1.tlog
c:\users\cnnimkar\documents\project5\image_loading_example\graphics_starting_code\glslexperiment\release\glslexperiment.tlog\cl.write.1.tlog
c:\users\cnnimkar\documents\project5\image_loading_example\graphics_starting_code\glslexperiment\release\glslexperiment.tlog\glslexperiment.write.1u.tlog
c:\users\cnnimkar\documents\project5\image_loading_example\graphics_starting_code\glslexperiment\release\glslexperiment.tlog\link.command.1.tlog
c:\users\cnnimkar\documents\project5\image_loading_example\graphics_starting_code\glslexperiment\release\glslexperiment.tlog\link.read.1.tlog
c:\users\cnnimkar\documents\project5\image_loading_example\graphics_starting_code\glslexperiment\release\glslexperiment.tlog\link.write.1.tlog
